<?xml version="1.0" encoding="UTF-8"?>
<!-- Generated by org.testng.reporters.JUnitXMLReporter -->
<testsuite hostname="DESKTOP-RPROTA7" ignored="0" name="Default test" tests="5" failures="0" timestamp="16 四月 2019 14:29:41 GMT" time="0.161" errors="0">
  <testcase name="testAdd" time="0.007" classname="yiye.Excel"/>
  <testcase name="testAdd" time="0.001" classname="yiye.Excel"/>
  <testcase name="testAdd" time="0.001" classname="yiye.Excel"/>
  <testcase name="testAdd" time="0.0" classname="yiye.Excel"/>
  <testcase name="testAdd" time="0.001" classname="yiye.Excel"/>
</testsuite> <!-- Default test -->
